
> angular-seed@0.0.0 prestart /home/abhishek/git/sealurmeal-webapp
> npm install


> angular-seed@0.0.0 postinstall /home/abhishek/git/sealurmeal-webapp
> bower install

npm WARN optional Skipping failed optional dependency /chokidar/fsevents:
npm WARN notsup Not compatible with your operating system or architecture: fsevents@1.1.3

> angular-seed@0.0.0 start /home/abhishek/git/sealurmeal-webapp
> http-server -a localhost -p 8000 -c-1 ./app

[33mStarting up http-server, serving [39m[36m./app[39m[33m
Available on:[39m
[32m  http://localhost:8000[39m
Hit CTRL-C to stop the server
[Tue Apr 03 2018 00:54:07 GMT+0530 (IST)] "[36mGET[39m [36m/[39m" "Mozilla/5.0 (X11; Linux x86_64) AppleWebKit/537.36 (KHTML, like Gecko) Chrome/65.0.3325.181 Safari/537.36"
[Tue Apr 03 2018 00:54:07 GMT+0530 (IST)] "[36mGET[39m [36m/resources/vendor/css/lib.min.css[39m" "Mozilla/5.0 (X11; Linux x86_64) AppleWebKit/537.36 (KHTML, like Gecko) Chrome/65.0.3325.181 Safari/537.36"
[Tue Apr 03 2018 00:54:07 GMT+0530 (IST)] "[36mGET[39m [36m/resources/css/main.css[39m" "Mozilla/5.0 (X11; Linux x86_64) AppleWebKit/537.36 (KHTML, like Gecko) Chrome/65.0.3325.181 Safari/537.36"
[Tue Apr 03 2018 00:54:07 GMT+0530 (IST)] "[36mGET[39m [36m/resources/vendor/js/lib.min.js[39m" "Mozilla/5.0 (X11; Linux x86_64) AppleWebKit/537.36 (KHTML, like Gecko) Chrome/65.0.3325.181 Safari/537.36"
[Tue Apr 03 2018 00:54:07 GMT+0530 (IST)] "[36mGET[39m [36m/bower_components/angular-cookies/angular-cookies.js[39m" "Mozilla/5.0 (X11; Linux x86_64) AppleWebKit/537.36 (KHTML, like Gecko) Chrome/65.0.3325.181 Safari/537.36"
[Tue Apr 03 2018 00:54:07 GMT+0530 (IST)] "[36mGET[39m [36m/resources/js/app.js[39m" "Mozilla/5.0 (X11; Linux x86_64) AppleWebKit/537.36 (KHTML, like Gecko) Chrome/65.0.3325.181 Safari/537.36"
[Tue Apr 03 2018 00:54:07 GMT+0530 (IST)] "[36mGET[39m [36m/resources/js/controllers.js[39m" "Mozilla/5.0 (X11; Linux x86_64) AppleWebKit/537.36 (KHTML, like Gecko) Chrome/65.0.3325.181 Safari/537.36"
[Tue Apr 03 2018 00:54:07 GMT+0530 (IST)] "[36mGET[39m [36m/resources/js/services.js[39m" "Mozilla/5.0 (X11; Linux x86_64) AppleWebKit/537.36 (KHTML, like Gecko) Chrome/65.0.3325.181 Safari/537.36"
[Tue Apr 03 2018 00:54:07 GMT+0530 (IST)] "[36mGET[39m [36m/resources/js/directives.js[39m" "Mozilla/5.0 (X11; Linux x86_64) AppleWebKit/537.36 (KHTML, like Gecko) Chrome/65.0.3325.181 Safari/537.36"
[Tue Apr 03 2018 00:54:07 GMT+0530 (IST)] "[36mGET[39m [36m/partials/login.html[39m" "Mozilla/5.0 (X11; Linux x86_64) AppleWebKit/537.36 (KHTML, like Gecko) Chrome/65.0.3325.181 Safari/537.36"
[Tue Apr 03 2018 00:54:08 GMT+0530 (IST)] "[36mGET[39m [36m/resources/img/favicon.svg[39m" "Mozilla/5.0 (X11; Linux x86_64) AppleWebKit/537.36 (KHTML, like Gecko) Chrome/65.0.3325.181 Safari/537.36"
[Tue Apr 03 2018 00:54:36 GMT+0530 (IST)] "[36mGET[39m [36m/[39m" "Mozilla/5.0 (X11; Linux x86_64) AppleWebKit/537.36 (KHTML, like Gecko) Chrome/65.0.3325.181 Safari/537.36"
[Tue Apr 03 2018 00:54:36 GMT+0530 (IST)] "[36mGET[39m [36m/resources/vendor/css/lib.min.css[39m" "Mozilla/5.0 (X11; Linux x86_64) AppleWebKit/537.36 (KHTML, like Gecko) Chrome/65.0.3325.181 Safari/537.36"
[Tue Apr 03 2018 00:54:36 GMT+0530 (IST)] "[36mGET[39m [36m/resources/css/main.css[39m" "Mozilla/5.0 (X11; Linux x86_64) AppleWebKit/537.36 (KHTML, like Gecko) Chrome/65.0.3325.181 Safari/537.36"
[Tue Apr 03 2018 00:54:36 GMT+0530 (IST)] "[36mGET[39m [36m/resources/vendor/js/lib.min.js[39m" "Mozilla/5.0 (X11; Linux x86_64) AppleWebKit/537.36 (KHTML, like Gecko) Chrome/65.0.3325.181 Safari/537.36"
[Tue Apr 03 2018 00:54:36 GMT+0530 (IST)] "[36mGET[39m [36m/bower_components/angular-cookies/angular-cookies.js[39m" "Mozilla/5.0 (X11; Linux x86_64) AppleWebKit/537.36 (KHTML, like Gecko) Chrome/65.0.3325.181 Safari/537.36"
[Tue Apr 03 2018 00:54:36 GMT+0530 (IST)] "[36mGET[39m [36m/resources/js/app.js[39m" "Mozilla/5.0 (X11; Linux x86_64) AppleWebKit/537.36 (KHTML, like Gecko) Chrome/65.0.3325.181 Safari/537.36"
[Tue Apr 03 2018 00:54:36 GMT+0530 (IST)] "[36mGET[39m [36m/resources/js/controllers.js[39m" "Mozilla/5.0 (X11; Linux x86_64) AppleWebKit/537.36 (KHTML, like Gecko) Chrome/65.0.3325.181 Safari/537.36"
[Tue Apr 03 2018 00:54:36 GMT+0530 (IST)] "[36mGET[39m [36m/resources/js/directives.js[39m" "Mozilla/5.0 (X11; Linux x86_64) AppleWebKit/537.36 (KHTML, like Gecko) Chrome/65.0.3325.181 Safari/537.36"
[Tue Apr 03 2018 00:54:36 GMT+0530 (IST)] "[36mGET[39m [36m/resources/js/services.js[39m" "Mozilla/5.0 (X11; Linux x86_64) AppleWebKit/537.36 (KHTML, like Gecko) Chrome/65.0.3325.181 Safari/537.36"
[Tue Apr 03 2018 00:54:37 GMT+0530 (IST)] "[36mGET[39m [36m/partials/login.html[39m" "Mozilla/5.0 (X11; Linux x86_64) AppleWebKit/537.36 (KHTML, like Gecko) Chrome/65.0.3325.181 Safari/537.36"
[Tue Apr 03 2018 00:54:37 GMT+0530 (IST)] "[36mGET[39m [36m/resources/img/favicon.svg[39m" "Mozilla/5.0 (X11; Linux x86_64) AppleWebKit/537.36 (KHTML, like Gecko) Chrome/65.0.3325.181 Safari/537.36"
[Tue Apr 03 2018 00:54:38 GMT+0530 (IST)] "[36mGET[39m [36m/[39m" "Mozilla/5.0 (X11; Linux x86_64) AppleWebKit/537.36 (KHTML, like Gecko) Chrome/65.0.3325.181 Safari/537.36"
[Tue Apr 03 2018 00:54:38 GMT+0530 (IST)] "[36mGET[39m [36m/resources/vendor/css/lib.min.css[39m" "Mozilla/5.0 (X11; Linux x86_64) AppleWebKit/537.36 (KHTML, like Gecko) Chrome/65.0.3325.181 Safari/537.36"
[Tue Apr 03 2018 00:54:38 GMT+0530 (IST)] "[36mGET[39m [36m/resources/css/main.css[39m" "Mozilla/5.0 (X11; Linux x86_64) AppleWebKit/537.36 (KHTML, like Gecko) Chrome/65.0.3325.181 Safari/537.36"
[Tue Apr 03 2018 00:54:38 GMT+0530 (IST)] "[36mGET[39m [36m/resources/vendor/js/lib.min.js[39m" "Mozilla/5.0 (X11; Linux x86_64) AppleWebKit/537.36 (KHTML, like Gecko) Chrome/65.0.3325.181 Safari/537.36"
[Tue Apr 03 2018 00:54:38 GMT+0530 (IST)] "[36mGET[39m [36m/bower_components/angular-cookies/angular-cookies.js[39m" "Mozilla/5.0 (X11; Linux x86_64) AppleWebKit/537.36 (KHTML, like Gecko) Chrome/65.0.3325.181 Safari/537.36"
[Tue Apr 03 2018 00:54:38 GMT+0530 (IST)] "[36mGET[39m [36m/resources/js/app.js[39m" "Mozilla/5.0 (X11; Linux x86_64) AppleWebKit/537.36 (KHTML, like Gecko) Chrome/65.0.3325.181 Safari/537.36"
[Tue Apr 03 2018 00:54:38 GMT+0530 (IST)] "[36mGET[39m [36m/resources/js/controllers.js[39m" "Mozilla/5.0 (X11; Linux x86_64) AppleWebKit/537.36 (KHTML, like Gecko) Chrome/65.0.3325.181 Safari/537.36"
[Tue Apr 03 2018 00:54:38 GMT+0530 (IST)] "[36mGET[39m [36m/resources/js/directives.js[39m" "Mozilla/5.0 (X11; Linux x86_64) AppleWebKit/537.36 (KHTML, like Gecko) Chrome/65.0.3325.181 Safari/537.36"
[Tue Apr 03 2018 00:54:38 GMT+0530 (IST)] "[36mGET[39m [36m/resources/js/services.js[39m" "Mozilla/5.0 (X11; Linux x86_64) AppleWebKit/537.36 (KHTML, like Gecko) Chrome/65.0.3325.181 Safari/537.36"
[Tue Apr 03 2018 00:54:38 GMT+0530 (IST)] "[36mGET[39m [36m/partials/login.html[39m" "Mozilla/5.0 (X11; Linux x86_64) AppleWebKit/537.36 (KHTML, like Gecko) Chrome/65.0.3325.181 Safari/537.36"
[Tue Apr 03 2018 00:54:38 GMT+0530 (IST)] "[36mGET[39m [36m/resources/img/favicon.svg[39m" "Mozilla/5.0 (X11; Linux x86_64) AppleWebKit/537.36 (KHTML, like Gecko) Chrome/65.0.3325.181 Safari/537.36"
[Tue Apr 03 2018 00:54:39 GMT+0530 (IST)] "[36mGET[39m [36m/partials/navbar.html[39m" "Mozilla/5.0 (X11; Linux x86_64) AppleWebKit/537.36 (KHTML, like Gecko) Chrome/65.0.3325.181 Safari/537.36"
[Tue Apr 03 2018 00:54:39 GMT+0530 (IST)] "[36mGET[39m [36m/partials/home.html[39m" "Mozilla/5.0 (X11; Linux x86_64) AppleWebKit/537.36 (KHTML, like Gecko) Chrome/65.0.3325.181 Safari/537.36"
[Tue Apr 03 2018 00:54:39 GMT+0530 (IST)] "[36mGET[39m [36m/resources/vendor/fonts/Material-Design-Icons.woff?3ocs8m[39m" "Mozilla/5.0 (X11; Linux x86_64) AppleWebKit/537.36 (KHTML, like Gecko) Chrome/65.0.3325.181 Safari/537.36"
[Tue Apr 03 2018 00:54:39 GMT+0530 (IST)] "[36mGET[39m [36m/resources/img/profile/default.png[39m" "Mozilla/5.0 (X11; Linux x86_64) AppleWebKit/537.36 (KHTML, like Gecko) Chrome/65.0.3325.181 Safari/537.36"
[Tue Apr 03 2018 00:54:39 GMT+0530 (IST)] "[36mGET[39m [36m/resources/img/favicon.svg[39m" "Mozilla/5.0 (X11; Linux x86_64) AppleWebKit/537.36 (KHTML, like Gecko) Chrome/65.0.3325.181 Safari/537.36"
[Tue Apr 03 2018 00:54:41 GMT+0530 (IST)] "[36mGET[39m [36m/[39m" "Mozilla/5.0 (X11; Linux x86_64) AppleWebKit/537.36 (KHTML, like Gecko) Chrome/65.0.3325.181 Safari/537.36"
[Tue Apr 03 2018 00:54:41 GMT+0530 (IST)] "[36mGET[39m [36m/resources/vendor/css/lib.min.css[39m" "Mozilla/5.0 (X11; Linux x86_64) AppleWebKit/537.36 (KHTML, like Gecko) Chrome/65.0.3325.181 Safari/537.36"
[Tue Apr 03 2018 00:54:41 GMT+0530 (IST)] "[36mGET[39m [36m/resources/css/main.css[39m" "Mozilla/5.0 (X11; Linux x86_64) AppleWebKit/537.36 (KHTML, like Gecko) Chrome/65.0.3325.181 Safari/537.36"
[Tue Apr 03 2018 00:54:41 GMT+0530 (IST)] "[36mGET[39m [36m/resources/vendor/js/lib.min.js[39m" "Mozilla/5.0 (X11; Linux x86_64) AppleWebKit/537.36 (KHTML, like Gecko) Chrome/65.0.3325.181 Safari/537.36"
[Tue Apr 03 2018 00:54:41 GMT+0530 (IST)] "[36mGET[39m [36m/bower_components/angular-cookies/angular-cookies.js[39m" "Mozilla/5.0 (X11; Linux x86_64) AppleWebKit/537.36 (KHTML, like Gecko) Chrome/65.0.3325.181 Safari/537.36"
[Tue Apr 03 2018 00:54:41 GMT+0530 (IST)] "[36mGET[39m [36m/resources/js/app.js[39m" "Mozilla/5.0 (X11; Linux x86_64) AppleWebKit/537.36 (KHTML, like Gecko) Chrome/65.0.3325.181 Safari/537.36"
[Tue Apr 03 2018 00:54:41 GMT+0530 (IST)] "[36mGET[39m [36m/resources/js/controllers.js[39m" "Mozilla/5.0 (X11; Linux x86_64) AppleWebKit/537.36 (KHTML, like Gecko) Chrome/65.0.3325.181 Safari/537.36"
[Tue Apr 03 2018 00:54:41 GMT+0530 (IST)] "[36mGET[39m [36m/resources/js/directives.js[39m" "Mozilla/5.0 (X11; Linux x86_64) AppleWebKit/537.36 (KHTML, like Gecko) Chrome/65.0.3325.181 Safari/537.36"
[Tue Apr 03 2018 00:54:41 GMT+0530 (IST)] "[36mGET[39m [36m/resources/js/services.js[39m" "Mozilla/5.0 (X11; Linux x86_64) AppleWebKit/537.36 (KHTML, like Gecko) Chrome/65.0.3325.181 Safari/537.36"
[Tue Apr 03 2018 00:54:41 GMT+0530 (IST)] "[36mGET[39m [36m/partials/navbar.html[39m" "Mozilla/5.0 (X11; Linux x86_64) AppleWebKit/537.36 (KHTML, like Gecko) Chrome/65.0.3325.181 Safari/537.36"
[Tue Apr 03 2018 00:54:41 GMT+0530 (IST)] "[36mGET[39m [36m/resources/img/favicon.svg[39m" "Mozilla/5.0 (X11; Linux x86_64) AppleWebKit/537.36 (KHTML, like Gecko) Chrome/65.0.3325.181 Safari/537.36"
[Tue Apr 03 2018 00:54:41 GMT+0530 (IST)] "[36mGET[39m [36m/resources/img/profile/default.png[39m" "Mozilla/5.0 (X11; Linux x86_64) AppleWebKit/537.36 (KHTML, like Gecko) Chrome/65.0.3325.181 Safari/537.36"
[Tue Apr 03 2018 00:54:41 GMT+0530 (IST)] "[36mGET[39m [36m/resources/vendor/fonts/Material-Design-Icons.woff?3ocs8m[39m" "Mozilla/5.0 (X11; Linux x86_64) AppleWebKit/537.36 (KHTML, like Gecko) Chrome/65.0.3325.181 Safari/537.36"
[Tue Apr 03 2018 00:54:44 GMT+0530 (IST)] "[36mGET[39m [36m/resources/vendor/fonts/glyphicons-halflings-regular.woff2[39m" "Mozilla/5.0 (X11; Linux x86_64) AppleWebKit/537.36 (KHTML, like Gecko) Chrome/65.0.3325.181 Safari/537.36"
[Tue Apr 03 2018 00:54:45 GMT+0530 (IST)] "[36mGET[39m [36m/partials/login.html[39m" "Mozilla/5.0 (X11; Linux x86_64) AppleWebKit/537.36 (KHTML, like Gecko) Chrome/65.0.3325.181 Safari/537.36"
[Tue Apr 03 2018 00:54:45 GMT+0530 (IST)] "[36mGET[39m [36m/resources/img/favicon.svg[39m" "Mozilla/5.0 (X11; Linux x86_64) AppleWebKit/537.36 (KHTML, like Gecko) Chrome/65.0.3325.181 Safari/537.36"
[Tue Apr 03 2018 00:54:45 GMT+0530 (IST)] "[36mGET[39m [36m/resources/img/favicon.svg[39m" "Mozilla/5.0 (X11; Linux x86_64) AppleWebKit/537.36 (KHTML, like Gecko) Chrome/65.0.3325.181 Safari/537.36"
[Tue Apr 03 2018 00:54:47 GMT+0530 (IST)] "[36mGET[39m [36m/[39m" "Mozilla/5.0 (X11; Linux x86_64) AppleWebKit/537.36 (KHTML, like Gecko) Chrome/65.0.3325.181 Safari/537.36"
[Tue Apr 03 2018 00:54:47 GMT+0530 (IST)] "[36mGET[39m [36m/resources/vendor/css/lib.min.css[39m" "Mozilla/5.0 (X11; Linux x86_64) AppleWebKit/537.36 (KHTML, like Gecko) Chrome/65.0.3325.181 Safari/537.36"
[Tue Apr 03 2018 00:54:47 GMT+0530 (IST)] "[36mGET[39m [36m/resources/css/main.css[39m" "Mozilla/5.0 (X11; Linux x86_64) AppleWebKit/537.36 (KHTML, like Gecko) Chrome/65.0.3325.181 Safari/537.36"
[Tue Apr 03 2018 00:54:47 GMT+0530 (IST)] "[36mGET[39m [36m/resources/vendor/js/lib.min.js[39m" "Mozilla/5.0 (X11; Linux x86_64) AppleWebKit/537.36 (KHTML, like Gecko) Chrome/65.0.3325.181 Safari/537.36"
[Tue Apr 03 2018 00:54:47 GMT+0530 (IST)] "[36mGET[39m [36m/bower_components/angular-cookies/angular-cookies.js[39m" "Mozilla/5.0 (X11; Linux x86_64) AppleWebKit/537.36 (KHTML, like Gecko) Chrome/65.0.3325.181 Safari/537.36"
[Tue Apr 03 2018 00:54:47 GMT+0530 (IST)] "[36mGET[39m [36m/resources/js/app.js[39m" "Mozilla/5.0 (X11; Linux x86_64) AppleWebKit/537.36 (KHTML, like Gecko) Chrome/65.0.3325.181 Safari/537.36"
[Tue Apr 03 2018 00:54:47 GMT+0530 (IST)] "[36mGET[39m [36m/resources/js/controllers.js[39m" "Mozilla/5.0 (X11; Linux x86_64) AppleWebKit/537.36 (KHTML, like Gecko) Chrome/65.0.3325.181 Safari/537.36"
[Tue Apr 03 2018 00:54:47 GMT+0530 (IST)] "[36mGET[39m [36m/resources/js/directives.js[39m" "Mozilla/5.0 (X11; Linux x86_64) AppleWebKit/537.36 (KHTML, like Gecko) Chrome/65.0.3325.181 Safari/537.36"
[Tue Apr 03 2018 00:54:47 GMT+0530 (IST)] "[36mGET[39m [36m/resources/js/services.js[39m" "Mozilla/5.0 (X11; Linux x86_64) AppleWebKit/537.36 (KHTML, like Gecko) Chrome/65.0.3325.181 Safari/537.36"
[Tue Apr 03 2018 00:54:47 GMT+0530 (IST)] "[36mGET[39m [36m/partials/login.html[39m" "Mozilla/5.0 (X11; Linux x86_64) AppleWebKit/537.36 (KHTML, like Gecko) Chrome/65.0.3325.181 Safari/537.36"
[Tue Apr 03 2018 00:54:47 GMT+0530 (IST)] "[36mGET[39m [36m/resources/img/favicon.svg[39m" "Mozilla/5.0 (X11; Linux x86_64) AppleWebKit/537.36 (KHTML, like Gecko) Chrome/65.0.3325.181 Safari/537.36"
[Tue Apr 03 2018 00:54:49 GMT+0530 (IST)] "[36mGET[39m [36m/partials/navbar.html[39m" "Mozilla/5.0 (X11; Linux x86_64) AppleWebKit/537.36 (KHTML, like Gecko) Chrome/65.0.3325.181 Safari/537.36"
[Tue Apr 03 2018 00:54:49 GMT+0530 (IST)] "[36mGET[39m [36m/partials/home.html[39m" "Mozilla/5.0 (X11; Linux x86_64) AppleWebKit/537.36 (KHTML, like Gecko) Chrome/65.0.3325.181 Safari/537.36"
[Tue Apr 03 2018 00:54:49 GMT+0530 (IST)] "[36mGET[39m [36m/resources/vendor/fonts/Material-Design-Icons.woff?3ocs8m[39m" "Mozilla/5.0 (X11; Linux x86_64) AppleWebKit/537.36 (KHTML, like Gecko) Chrome/65.0.3325.181 Safari/537.36"
[Tue Apr 03 2018 00:54:49 GMT+0530 (IST)] "[36mGET[39m [36m/resources/img/profile/default.png[39m" "Mozilla/5.0 (X11; Linux x86_64) AppleWebKit/537.36 (KHTML, like Gecko) Chrome/65.0.3325.181 Safari/537.36"
[Tue Apr 03 2018 00:54:49 GMT+0530 (IST)] "[36mGET[39m [36m/resources/img/favicon.svg[39m" "Mozilla/5.0 (X11; Linux x86_64) AppleWebKit/537.36 (KHTML, like Gecko) Chrome/65.0.3325.181 Safari/537.36"
[Tue Apr 03 2018 00:55:05 GMT+0530 (IST)] "[36mGET[39m [36m/[39m" "Mozilla/5.0 (X11; Linux x86_64) AppleWebKit/537.36 (KHTML, like Gecko) Chrome/65.0.3325.181 Safari/537.36"
[Tue Apr 03 2018 00:55:05 GMT+0530 (IST)] "[36mGET[39m [36m/resources/vendor/css/lib.min.css[39m" "Mozilla/5.0 (X11; Linux x86_64) AppleWebKit/537.36 (KHTML, like Gecko) Chrome/65.0.3325.181 Safari/537.36"
[Tue Apr 03 2018 00:55:05 GMT+0530 (IST)] "[36mGET[39m [36m/resources/css/main.css[39m" "Mozilla/5.0 (X11; Linux x86_64) AppleWebKit/537.36 (KHTML, like Gecko) Chrome/65.0.3325.181 Safari/537.36"
[Tue Apr 03 2018 00:55:05 GMT+0530 (IST)] "[36mGET[39m [36m/resources/vendor/js/lib.min.js[39m" "Mozilla/5.0 (X11; Linux x86_64) AppleWebKit/537.36 (KHTML, like Gecko) Chrome/65.0.3325.181 Safari/537.36"
[Tue Apr 03 2018 00:55:05 GMT+0530 (IST)] "[36mGET[39m [36m/bower_components/angular-cookies/angular-cookies.js[39m" "Mozilla/5.0 (X11; Linux x86_64) AppleWebKit/537.36 (KHTML, like Gecko) Chrome/65.0.3325.181 Safari/537.36"
[Tue Apr 03 2018 00:55:05 GMT+0530 (IST)] "[36mGET[39m [36m/resources/js/app.js[39m" "Mozilla/5.0 (X11; Linux x86_64) AppleWebKit/537.36 (KHTML, like Gecko) Chrome/65.0.3325.181 Safari/537.36"
[Tue Apr 03 2018 00:55:05 GMT+0530 (IST)] "[36mGET[39m [36m/resources/js/controllers.js[39m" "Mozilla/5.0 (X11; Linux x86_64) AppleWebKit/537.36 (KHTML, like Gecko) Chrome/65.0.3325.181 Safari/537.36"
[Tue Apr 03 2018 00:55:05 GMT+0530 (IST)] "[36mGET[39m [36m/resources/js/directives.js[39m" "Mozilla/5.0 (X11; Linux x86_64) AppleWebKit/537.36 (KHTML, like Gecko) Chrome/65.0.3325.181 Safari/537.36"
[Tue Apr 03 2018 00:55:05 GMT+0530 (IST)] "[36mGET[39m [36m/resources/js/services.js[39m" "Mozilla/5.0 (X11; Linux x86_64) AppleWebKit/537.36 (KHTML, like Gecko) Chrome/65.0.3325.181 Safari/537.36"
[Tue Apr 03 2018 00:55:05 GMT+0530 (IST)] "[36mGET[39m [36m/partials/navbar.html[39m" "Mozilla/5.0 (X11; Linux x86_64) AppleWebKit/537.36 (KHTML, like Gecko) Chrome/65.0.3325.181 Safari/537.36"
[Tue Apr 03 2018 00:55:05 GMT+0530 (IST)] "[36mGET[39m [36m/resources/vendor/fonts/Material-Design-Icons.woff?3ocs8m[39m" "Mozilla/5.0 (X11; Linux x86_64) AppleWebKit/537.36 (KHTML, like Gecko) Chrome/65.0.3325.181 Safari/537.36"
[Tue Apr 03 2018 00:55:05 GMT+0530 (IST)] "[36mGET[39m [36m/resources/img/profile/default.png[39m" "Mozilla/5.0 (X11; Linux x86_64) AppleWebKit/537.36 (KHTML, like Gecko) Chrome/65.0.3325.181 Safari/537.36"
[Tue Apr 03 2018 00:55:05 GMT+0530 (IST)] "[36mGET[39m [36m/resources/img/favicon.svg[39m" "Mozilla/5.0 (X11; Linux x86_64) AppleWebKit/537.36 (KHTML, like Gecko) Chrome/65.0.3325.181 Safari/537.36"
